<?xml version="1.0" encoding="utf-8"?><testsuites><testsuite name="pytest" errors="0" failures="0" skipped="0" tests="42" time="0.399" timestamp="2026-04-30T12:31:19.270252" hostname="vm"><testcase classname="test_app.TestHealthCheck" name="test_health_check_returns_200" time="0.007" /><testcase classname="test_app.TestFitnessProgram" name="test_get_valid_program" time="0.001" /><testcase classname="test_app.TestFitnessProgram" name="test_get_invalid_program" time="0.000" /><testcase classname="test_app.TestFitnessProgram" name="test_calculate_calories_fat_loss" time="0.000" /><testcase classname="test_app.TestFitnessProgram" name="test_calculate_calories_muscle_gain" time="0.000" /><testcase classname="test_app.TestFitnessProgram" name="test_calculate_calories_beginner" time="0.000" /><testcase classname="test_app.TestFitnessProgram" name="test_calculate_calories_invalid_program" time="0.000" /><testcase classname="test_app.TestClientClass" name="test_client_creation" time="0.001" /><testcase classname="test_app.TestClientClass" name="test_client_to_dict" time="0.000" /><testcase classname="test_app.TestClientEndpoints" name="test_create_client_success" time="0.002" /><testcase classname="test_app.TestClientEndpoints" name="test_create_client_missing_fields" time="0.002" /><testcase classname="test_app.TestClientEndpoints" name="test_create_client_invalid_program" time="0.002" /><testcase classname="test_app.TestClientEndpoints" name="test_get_all_clients" time="0.003" /><testcase classname="test_app.TestClientEndpoints" name="test_get_single_client" time="0.003" /><testcase classname="test_app.TestClientEndpoints" name="test_get_nonexistent_client" time="0.001" /><testcase classname="test_app.TestClientEndpoints" name="test_update_client" time="0.002" /><testcase classname="test_app.TestClientEndpoints" name="test_update_client_program" time="0.002" /><testcase classname="test_app.TestClientEndpoints" name="test_update_client_age" time="0.002" /><testcase classname="test_app.TestClientEndpoints" name="test_update_nonexistent_client" time="0.001" /><testcase classname="test_app.TestClientEndpoints" name="test_delete_client" time="0.003" /><testcase classname="test_app.TestClientEndpoints" name="test_delete_nonexistent_client" time="0.001" /><testcase classname="test_app.TestProgramEndpoints" name="test_get_programs" time="0.001" /><testcase classname="test_app.TestProgramEndpoints" name="test_get_specific_program" time="0.002" /><testcase classname="test_app.TestProgramEndpoints" name="test_get_invalid_program" time="0.001" /><testcase classname="test_app.TestCalculationEndpoints" name="test_calculate_calories_success" time="0.002" /><testcase classname="test_app.TestCalculationEndpoints" name="test_calculate_calories_missing_fields" time="0.002" /><testcase classname="test_app.TestCalculationEndpoints" name="test_calculate_calories_missing_weight" time="0.001" /><testcase classname="test_app.TestCalculationEndpoints" name="test_calculate_calories_multiple_programs" time="0.003" /><testcase classname="test_app.TestCalculationEndpoints" name="test_calculate_calories_zero_weight" time="0.001" /><testcase classname="test_app.TestCalculationEndpoints" name="test_calculate_calories_decimal_weight" time="0.001" /><testcase classname="test_app.TestProgressTracking" name="test_log_progress_success" time="0.002" /><testcase classname="test_app.TestProgressTracking" name="test_log_progress_missing_fields" time="0.002" /><testcase classname="test_app.TestProgressTracking" name="test_log_progress_for_nonexistent_client" time="0.001" /><testcase classname="test_app.TestProgressTracking" name="test_get_progress_success" time="0.004" /><testcase classname="test_app.TestProgressTracking" name="test_get_progress_nonexistent_client" time="0.001" /><testcase classname="test_app.TestProgressTracking" name="test_get_progress_empty_records" time="0.002" /><testcase classname="test_app.TestErrorHandling" name="test_404_error" time="0.001" /><testcase classname="test_app.TestErrorHandling" name="test_bad_json" time="0.002" /><testcase classname="test_app.TestUpdateClientEdgeCases" name="test_update_client_all_fields" time="0.002" /><testcase classname="test_app.TestUpdateClientEdgeCases" name="test_update_client_invalid_program_in_update" time="0.002" /><testcase classname="test_app.TestIntegration" name="test_complete_client_workflow" time="0.004" /><testcase classname="test_app.TestIntegration" name="test_multiple_clients_management" time="0.004" /></testsuite></testsuites>